<?xml version="1.0" encoding="UTF-8"?>
<testng-results skipped="0" failed="1" total="12" passed="11">
  <reporter-output>
  </reporter-output>
  <suite name="auto test framework tests" duration-ms="42987" started-at="2014-03-15T15:37:31Z" finished-at="2014-03-15T15:38:14Z">
    <groups>
    </groups>
    <test name="firefox" duration-ms="42976" started-at="2014-03-15T15:37:31Z" finished-at="2014-03-15T15:38:14Z">
      <class name="go.mail.ru.tests.SimpleTest">
        <test-method status="PASS" signature="setUp(java.lang.String, java.lang.String, java.lang.String)[pri:0, instance:go.mail.ru.tests.SimpleTest@391416b3]" name="setUp" is-config="true" duration-ms="5983" started-at="2014-03-15T19:37:31Z" finished-at="2014-03-15T19:37:37Z">
          <params>
            <param index="0">
              <value>
                <![CDATA[firefox]]>
              </value>
            </param>
            <param index="1">
              <value>
                <![CDATA[http://localhost:4444/wd/hub]]>
              </value>
            </param>
            <param index="2">
              <value>
                <![CDATA[http://go.mail.ru]]>
              </value>
            </param>
          </params>
          <reporter-output>
          </reporter-output>
        </test-method> <!-- setUp -->
        <test-method status="PASS" signature="setUpMethod()[pri:0, instance:go.mail.ru.tests.SimpleTest@391416b3]" name="setUpMethod" is-config="true" duration-ms="3485" started-at="2014-03-15T19:37:37Z" finished-at="2014-03-15T19:37:41Z">
          <reporter-output>
          </reporter-output>
        </test-method> <!-- setUpMethod -->
        <test-method status="PASS" signature="testAdvancedSearch()[pri:0, instance:go.mail.ru.tests.SimpleTest@391416b3]" name="testAdvancedSearch" duration-ms="7025" started-at="2014-03-15T19:37:41Z" finished-at="2014-03-15T19:37:48Z">
          <reporter-output>
          </reporter-output>
        </test-method> <!-- testAdvancedSearch -->
        <test-method status="PASS" signature="setUpMethod()[pri:0, instance:go.mail.ru.tests.SimpleTest@391416b3]" name="setUpMethod" is-config="true" duration-ms="1226" started-at="2014-03-15T19:37:48Z" finished-at="2014-03-15T19:37:49Z">
          <reporter-output>
          </reporter-output>
        </test-method> <!-- setUpMethod -->
        <test-method status="PASS" signature="testImageOnMainPage()[pri:0, instance:go.mail.ru.tests.SimpleTest@391416b3]" name="testImageOnMainPage" duration-ms="13203" started-at="2014-03-15T19:37:49Z" finished-at="2014-03-15T19:38:02Z">
          <reporter-output>
          </reporter-output>
        </test-method> <!-- testImageOnMainPage -->
        <test-method status="PASS" signature="setUpMethod()[pri:0, instance:go.mail.ru.tests.SimpleTest@391416b3]" name="setUpMethod" is-config="true" duration-ms="518" started-at="2014-03-15T19:38:02Z" finished-at="2014-03-15T19:38:03Z">
          <reporter-output>
          </reporter-output>
        </test-method> <!-- setUpMethod -->
        <test-method status="PASS" signature="testPlaceholderSearchForm()[pri:0, instance:go.mail.ru.tests.SimpleTest@391416b3]" name="testPlaceholderSearchForm" duration-ms="99" started-at="2014-03-15T19:38:03Z" finished-at="2014-03-15T19:38:03Z">
          <reporter-output>
          </reporter-output>
        </test-method> <!-- testPlaceholderSearchForm -->
        <test-method status="PASS" signature="setUpMethod()[pri:0, instance:go.mail.ru.tests.SimpleTest@391416b3]" name="setUpMethod" is-config="true" duration-ms="1195" started-at="2014-03-15T19:38:03Z" finished-at="2014-03-15T19:38:04Z">
          <reporter-output>
          </reporter-output>
        </test-method> <!-- setUpMethod -->
        <test-method status="PASS" signature="testResult()[pri:0, instance:go.mail.ru.tests.SimpleTest@391416b3]" name="testResult" duration-ms="4384" started-at="2014-03-15T19:38:04Z" finished-at="2014-03-15T19:38:08Z">
          <reporter-output>
          </reporter-output>
        </test-method> <!-- testResult -->
        <test-method status="PASS" signature="setUpMethod()[pri:0, instance:go.mail.ru.tests.SimpleTest@391416b3]" name="setUpMethod" is-config="true" duration-ms="839" started-at="2014-03-15T19:38:08Z" finished-at="2014-03-15T19:38:09Z">
          <reporter-output>
          </reporter-output>
        </test-method> <!-- setUpMethod -->
        <test-method status="PASS" signature="testSuggests()[pri:0, instance:go.mail.ru.tests.SimpleTest@391416b3]" name="testSuggests" duration-ms="1114" started-at="2014-03-15T19:38:09Z" finished-at="2014-03-15T19:38:10Z">
          <reporter-output>
          </reporter-output>
        </test-method> <!-- testSuggests -->
        <test-method status="PASS" signature="setUpMethod()[pri:0, instance:go.mail.ru.tests.SimpleTest@391416b3]" name="setUpMethod" is-config="true" duration-ms="1207" started-at="2014-03-15T19:38:10Z" finished-at="2014-03-15T19:38:11Z">
          <reporter-output>
          </reporter-output>
        </test-method> <!-- setUpMethod -->
        <test-method status="PASS" signature="testTopMenu()[pri:0, instance:go.mail.ru.tests.SimpleTest@391416b3]" name="testTopMenu" duration-ms="2684" started-at="2014-03-15T19:38:11Z" finished-at="2014-03-15T19:38:14Z">
          <reporter-output>
          </reporter-output>
        </test-method> <!-- testTopMenu -->
        <test-method status="PASS" signature="tearDown()[pri:0, instance:go.mail.ru.tests.SimpleTest@391416b3]" name="tearDown" is-config="true" duration-ms="11" started-at="2014-03-15T19:38:14Z" finished-at="2014-03-15T19:38:14Z">
          <reporter-output>
          </reporter-output>
        </test-method> <!-- tearDown -->
      </class> <!-- go.mail.ru.tests.SimpleTest -->
    </test> <!-- firefox -->
    <test name="chrome" duration-ms="42987" started-at="2014-03-15T15:37:31Z" finished-at="2014-03-15T15:38:14Z">
      <class name="go.mail.ru.tests.SimpleTest">
        <test-method status="PASS" signature="setUp(java.lang.String, java.lang.String, java.lang.String)[pri:0, instance:go.mail.ru.tests.SimpleTest@764985ce]" name="setUp" is-config="true" duration-ms="2299" started-at="2014-03-15T19:37:31Z" finished-at="2014-03-15T19:37:33Z">
          <params>
            <param index="0">
              <value>
                <![CDATA[chrome]]>
              </value>
            </param>
            <param index="1">
              <value>
                <![CDATA[http://localhost:4444/wd/hub]]>
              </value>
            </param>
            <param index="2">
              <value>
                <![CDATA[http://go.mail.ru]]>
              </value>
            </param>
          </params>
          <reporter-output>
          </reporter-output>
        </test-method> <!-- setUp -->
        <test-method status="PASS" signature="setUpMethod()[pri:0, instance:go.mail.ru.tests.SimpleTest@764985ce]" name="setUpMethod" is-config="true" duration-ms="4944" started-at="2014-03-15T19:37:33Z" finished-at="2014-03-15T19:37:38Z">
          <reporter-output>
          </reporter-output>
        </test-method> <!-- setUpMethod -->
        <test-method status="PASS" signature="testAdvancedSearch()[pri:0, instance:go.mail.ru.tests.SimpleTest@764985ce]" name="testAdvancedSearch" duration-ms="6390" started-at="2014-03-15T19:37:38Z" finished-at="2014-03-15T19:37:45Z">
          <reporter-output>
          </reporter-output>
        </test-method> <!-- testAdvancedSearch -->
        <test-method status="PASS" signature="setUpMethod()[pri:0, instance:go.mail.ru.tests.SimpleTest@764985ce]" name="setUpMethod" is-config="true" duration-ms="1133" started-at="2014-03-15T19:37:45Z" finished-at="2014-03-15T19:37:46Z">
          <reporter-output>
          </reporter-output>
        </test-method> <!-- setUpMethod -->
        <test-method status="PASS" signature="testImageOnMainPage()[pri:0, instance:go.mail.ru.tests.SimpleTest@764985ce]" name="testImageOnMainPage" duration-ms="13065" started-at="2014-03-15T19:37:46Z" finished-at="2014-03-15T19:37:59Z">
          <reporter-output>
          </reporter-output>
        </test-method> <!-- testImageOnMainPage -->
        <test-method status="PASS" signature="setUpMethod()[pri:0, instance:go.mail.ru.tests.SimpleTest@764985ce]" name="setUpMethod" is-config="true" duration-ms="1723" started-at="2014-03-15T19:37:59Z" finished-at="2014-03-15T19:38:01Z">
          <reporter-output>
          </reporter-output>
        </test-method> <!-- setUpMethod -->
        <test-method status="PASS" signature="testPlaceholderSearchForm()[pri:0, instance:go.mail.ru.tests.SimpleTest@764985ce]" name="testPlaceholderSearchForm" duration-ms="162" started-at="2014-03-15T19:38:01Z" finished-at="2014-03-15T19:38:01Z">
          <reporter-output>
          </reporter-output>
        </test-method> <!-- testPlaceholderSearchForm -->
        <test-method status="PASS" signature="setUpMethod()[pri:0, instance:go.mail.ru.tests.SimpleTest@764985ce]" name="setUpMethod" is-config="true" duration-ms="1131" started-at="2014-03-15T19:38:01Z" finished-at="2014-03-15T19:38:02Z">
          <reporter-output>
          </reporter-output>
        </test-method> <!-- setUpMethod -->
        <test-method status="PASS" signature="testResult()[pri:0, instance:go.mail.ru.tests.SimpleTest@764985ce]" name="testResult" duration-ms="4148" started-at="2014-03-15T19:38:02Z" finished-at="2014-03-15T19:38:06Z">
          <reporter-output>
          </reporter-output>
        </test-method> <!-- testResult -->
        <test-method status="PASS" signature="setUpMethod()[pri:0, instance:go.mail.ru.tests.SimpleTest@764985ce]" name="setUpMethod" is-config="true" duration-ms="1021" started-at="2014-03-15T19:38:06Z" finished-at="2014-03-15T19:38:07Z">
          <reporter-output>
          </reporter-output>
        </test-method> <!-- setUpMethod -->
        <test-method status="FAIL" signature="testSuggests()[pri:0, instance:go.mail.ru.tests.SimpleTest@764985ce]" name="testSuggests" duration-ms="1200" started-at="2014-03-15T19:38:07Z" finished-at="2014-03-15T19:38:08Z">
          <exception class="java.lang.AssertionError">
            <message>
              <![CDATA[expected [true] but found [false]]]>
            </message>
            <full-stacktrace>
              <![CDATA[java.lang.AssertionError: expected [true] but found [false]
	at org.testng.Assert.fail(Assert.java:94)
	at org.testng.Assert.failNotEquals(Assert.java:494)
	at org.testng.Assert.assertTrue(Assert.java:42)
	at org.testng.Assert.assertTrue(Assert.java:52)
	at go.mail.ru.tests.SimpleTest.testSuggests(SimpleTest.java:96)
	at sun.reflect.NativeMethodAccessorImpl.invoke0(Native Method)
	at sun.reflect.NativeMethodAccessorImpl.invoke(NativeMethodAccessorImpl.java:57)
	at sun.reflect.DelegatingMethodAccessorImpl.invoke(DelegatingMethodAccessorImpl.java:43)
	at java.lang.reflect.Method.invoke(Method.java:601)
	at org.testng.internal.MethodInvocationHelper.invokeMethod(MethodInvocationHelper.java:84)
	at org.testng.internal.Invoker.invokeMethod(Invoker.java:714)
	at org.testng.internal.Invoker.invokeTestMethod(Invoker.java:901)
	at org.testng.internal.Invoker.invokeTestMethods(Invoker.java:1231)
	at org.testng.internal.TestMethodWorker.invokeTestMethods(TestMethodWorker.java:127)
	at org.testng.internal.TestMethodWorker.run(TestMethodWorker.java:111)
	at org.testng.TestRunner.privateRun(TestRunner.java:767)
	at org.testng.TestRunner.run(TestRunner.java:617)
	at org.testng.SuiteRunner.runTest(SuiteRunner.java:334)
	at org.testng.SuiteRunner.access$000(SuiteRunner.java:37)
	at org.testng.SuiteRunner$SuiteWorker.run(SuiteRunner.java:368)
	at org.testng.internal.thread.ThreadUtil$2.call(ThreadUtil.java:64)
	at java.util.concurrent.FutureTask$Sync.innerRun(FutureTask.java:334)
	at java.util.concurrent.FutureTask.run(FutureTask.java:166)
	at java.util.concurrent.ThreadPoolExecutor.runWorker(ThreadPoolExecutor.java:1145)
	at java.util.concurrent.ThreadPoolExecutor$Worker.run(ThreadPoolExecutor.java:615)
	at java.lang.Thread.run(Thread.java:722)
]]>
            </full-stacktrace>
          </exception> <!-- java.lang.AssertionError -->
          <reporter-output>
          </reporter-output>
        </test-method> <!-- testSuggests -->
        <test-method status="PASS" signature="setUpMethod()[pri:0, instance:go.mail.ru.tests.SimpleTest@764985ce]" name="setUpMethod" is-config="true" duration-ms="639" started-at="2014-03-15T19:38:08Z" finished-at="2014-03-15T19:38:09Z">
          <reporter-output>
          </reporter-output>
        </test-method> <!-- setUpMethod -->
        <test-method status="PASS" signature="testTopMenu()[pri:0, instance:go.mail.ru.tests.SimpleTest@764985ce]" name="testTopMenu" duration-ms="3203" started-at="2014-03-15T19:38:09Z" finished-at="2014-03-15T19:38:12Z">
          <reporter-output>
          </reporter-output>
        </test-method> <!-- testTopMenu -->
        <test-method status="PASS" signature="tearDown()[pri:0, instance:go.mail.ru.tests.SimpleTest@764985ce]" name="tearDown" is-config="true" duration-ms="1914" started-at="2014-03-15T19:38:12Z" finished-at="2014-03-15T19:38:14Z">
          <reporter-output>
          </reporter-output>
        </test-method> <!-- tearDown -->
      </class> <!-- go.mail.ru.tests.SimpleTest -->
    </test> <!-- chrome -->
  </suite> <!-- auto test framework tests -->
</testng-results>
