<?xml version="1.0" encoding="UTF-8"?>
<!-- Generated by org.testng.reporters.JUnitXMLReporter -->
<testsuite hostname="PC" name="chrome" tests="6" failures="1" timestamp="15 Mar 2014 15:38:14 GMT" time="42.987" errors="0">
  <testcase name="testAdvancedSearch" time="6.39" classname="go.mail.ru.tests.SimpleTest"/>
  <testcase name="testImageOnMainPage" time="13.065" classname="go.mail.ru.tests.SimpleTest"/>
  <testcase name="testPlaceholderSearchForm" time="0.162" classname="go.mail.ru.tests.SimpleTest"/>
  <testcase name="testResult" time="4.148" classname="go.mail.ru.tests.SimpleTest"/>
  <testcase name="testSuggests" time="1.2" classname="go.mail.ru.tests.SimpleTest">
    <failure type="java.lang.AssertionError" message="expected [true] but found [false]">
      <![CDATA[java.lang.AssertionError: expected [true] but found [false]
	at go.mail.ru.tests.SimpleTest.testSuggests(SimpleTest.java:96)
	at java.util.concurrent.FutureTask$Sync.innerRun(FutureTask.java:334)
	at java.util.concurrent.FutureTask.run(FutureTask.java:166)
	at java.util.concurrent.ThreadPoolExecutor.runWorker(ThreadPoolExecutor.java:1145)
	at java.util.concurrent.ThreadPoolExecutor$Worker.run(ThreadPoolExecutor.java:615)
	at java.lang.Thread.run(Thread.java:722)
... Removed 20 stack frames]]>
    </failure>
  </testcase> <!-- testSuggests -->
  <testcase name="testTopMenu" time="3.203" classname="go.mail.ru.tests.SimpleTest"/>
</testsuite> <!-- chrome -->
